{
  "stats": {
    "suites": 4,
    "tests": 10,
    "passes": 9,
    "pending": 0,
    "failures": 1,
    "start": "2021-01-22T12:10:39.419Z",
    "end": "2021-01-22T12:10:57.739Z",
    "duration": 18320,
    "testsRegistered": 10,
    "passPercent": 90,
    "pendingPercent": 0,
    "other": 0,
    "hasOther": false,
    "skipped": 0,
    "hasSkipped": false
  },
  "results": [
    {
      "uuid": "07ed699d-211c-470f-a281-ce9e6e49f2c1",
      "title": "",
      "fullFile": "cypress\\integration\\myTests\\tests.js",
      "file": "cypress\\integration\\myTests\\tests.js",
      "beforeHooks": [],
      "afterHooks": [],
      "tests": [],
      "suites": [
        {
          "uuid": "3d19a615-9a99-4b9c-9011-6377808ec333",
          "title": "login test",
          "fullFile": "",
          "file": "",
          "beforeHooks": [],
          "afterHooks": [],
          "tests": [
            {
              "title": "launch the site",
              "fullTitle": "login test launch the site",
              "timedOut": null,
              "duration": 2879,
              "state": "passed",
              "speed": "slow",
              "pass": true,
              "fail": false,
              "pending": false,
              "context": null,
              "code": "cy.visit(Cypress.config('url'));\ncy.title().should('eq', 'Login');",
              "err": {},
              "uuid": "aa34781c-d62a-41a4-9c99-48dd1ab38373",
              "parentUUID": "3d19a615-9a99-4b9c-9011-6377808ec333",
              "isHook": false,
              "skipped": false
            },
            {
              "title": "filling up the login form",
              "fullTitle": "login test filling up the login form",
              "timedOut": null,
              "duration": 1118,
              "state": "passed",
              "speed": "slow",
              "pass": true,
              "fail": false,
              "pending": false,
              "context": null,
              "code": "expect(Cypress.env('login')).to.be.a('string');\nlogin.userName().type(Cypress.env('login'));\nlogin.password().type(Cypress.env('password'));\nlogin.logInButton().click();",
              "err": {},
              "uuid": "8a1d5f22-e30b-4d23-87e1-13c8792afb57",
              "parentUUID": "3d19a615-9a99-4b9c-9011-6377808ec333",
              "isHook": false,
              "skipped": false
            }
          ],
          "suites": [],
          "passes": [
            "aa34781c-d62a-41a4-9c99-48dd1ab38373",
            "8a1d5f22-e30b-4d23-87e1-13c8792afb57"
          ],
          "failures": [],
          "pending": [],
          "skipped": [],
          "duration": 3997,
          "root": false,
          "rootEmpty": false,
          "_timeout": 2000
        },
        {
          "uuid": "7e1b99b7-f9c1-4e2c-98c3-37dad82bca60",
          "title": "checking presents of elements",
          "fullFile": "",
          "file": "",
          "beforeHooks": [],
          "afterHooks": [],
          "tests": [
            {
              "title": "checking elements",
              "fullTitle": "checking presents of elements checking elements",
              "timedOut": null,
              "duration": 159,
              "state": "passed",
              "speed": "slow",
              "pass": true,
              "fail": false,
              "pending": false,
              "context": null,
              "code": "element.form().should('be.visible');\nelement.img().should('have.id', 'logomini').should('have.css', 'width', '189px');\nelement.h1().contains('QA Portal Login').should('have.css', 'margin-top', '25px');\nelement.helpBlock().should('have.css', 'display', 'block');\nelement.input().first().should('have.class', 'form-control').and('have.attr', 'placeholder', 'Username');\nelement.input().eq(1).should('have.class', 'form-control').should('have.css', 'line-height', '14px');\nelement.input().last().should('have.class', 'btn btn-success').contains('Login');",
              "err": {},
              "uuid": "6f185efc-c52b-4dc6-a549-c65b3c3cce9b",
              "parentUUID": "7e1b99b7-f9c1-4e2c-98c3-37dad82bca60",
              "isHook": false,
              "skipped": false
            }
          ],
          "suites": [],
          "passes": [
            "6f185efc-c52b-4dc6-a549-c65b3c3cce9b"
          ],
          "failures": [],
          "pending": [],
          "skipped": [],
          "duration": 159,
          "root": false,
          "rootEmpty": false,
          "_timeout": 2000
        },
        {
          "uuid": "1d958fb4-820b-4c21-82ec-bd3c80c34d01",
          "title": "error messages",
          "fullFile": "",
          "file": "",
          "beforeHooks": [],
          "afterHooks": [],
          "tests": [
            {
              "title": "userName error",
              "fullTitle": "error messages userName error",
              "timedOut": null,
              "duration": 829,
              "state": "passed",
              "speed": "slow",
              "pass": true,
              "fail": false,
              "pending": false,
              "context": null,
              "code": "login.launch();\nformSubmit(login.password().type(Cypress.env('password')));\nelement.helpBlock().should('contain', 'Please enter username.');",
              "err": {},
              "uuid": "1010cca6-3766-4f0e-96fb-edac1b7706bf",
              "parentUUID": "1d958fb4-820b-4c21-82ec-bd3c80c34d01",
              "isHook": false,
              "skipped": false
            },
            {
              "title": "password error",
              "fullTitle": "error messages password error",
              "timedOut": null,
              "duration": 934,
              "state": "passed",
              "speed": "slow",
              "pass": true,
              "fail": false,
              "pending": false,
              "context": null,
              "code": "login.launch();\nformSubmit(login.userName().type(Cypress.env('login')));\nelement.helpBlock().should('have.text', 'Please enter your password.');",
              "err": {},
              "uuid": "8aeabfd0-58df-4094-8744-caf3026d3a7e",
              "parentUUID": "1d958fb4-820b-4c21-82ec-bd3c80c34d01",
              "isHook": false,
              "skipped": false
            },
            {
              "title": "no account error",
              "fullTitle": "error messages no account error",
              "timedOut": null,
              "duration": 803,
              "state": "passed",
              "speed": "slow",
              "pass": true,
              "fail": false,
              "pending": false,
              "context": null,
              "code": "login.launch();\nformSubmit(login.userName().type(Cypress.env('login')), login.password().type(Cypress.env('password')));\nelement.helpBlock().should('contain', 'No account found with that username');",
              "err": {},
              "uuid": "16d68bf5-5b25-4f63-ab5c-0b514b78c6fa",
              "parentUUID": "1d958fb4-820b-4c21-82ec-bd3c80c34d01",
              "isHook": false,
              "skipped": false
            },
            {
              "title": "empty fields error",
              "fullTitle": "error messages empty fields error",
              "timedOut": null,
              "duration": 215,
              "state": "passed",
              "speed": "slow",
              "pass": true,
              "fail": false,
              "pending": false,
              "context": null,
              "code": "login.launch();\nformSubmit();\nelement.helpBlock().first().should('contain', 'Please enter username.');\nelement.helpBlock().last().should('contain', 'Please enter your password.');",
              "err": {},
              "uuid": "68de5858-df09-43b3-87fc-8b63525cffbb",
              "parentUUID": "1d958fb4-820b-4c21-82ec-bd3c80c34d01",
              "isHook": false,
              "skipped": false
            }
          ],
          "suites": [],
          "passes": [
            "1010cca6-3766-4f0e-96fb-edac1b7706bf",
            "8aeabfd0-58df-4094-8744-caf3026d3a7e",
            "16d68bf5-5b25-4f63-ab5c-0b514b78c6fa",
            "68de5858-df09-43b3-87fc-8b63525cffbb"
          ],
          "failures": [],
          "pending": [],
          "skipped": [],
          "duration": 2781,
          "root": false,
          "rootEmpty": false,
          "_timeout": 2000
        },
        {
          "uuid": "a5c90ea9-342d-43aa-b683-43a00a465f49",
          "title": "unsuccessful login",
          "fullFile": "",
          "file": "",
          "beforeHooks": [],
          "afterHooks": [],
          "tests": [
            {
              "title": "launch the site",
              "fullTitle": "unsuccessful login launch the site",
              "timedOut": null,
              "duration": 115,
              "state": "passed",
              "speed": "slow",
              "pass": true,
              "fail": false,
              "pending": false,
              "context": null,
              "code": "cy.visit(Cypress.config('url'));\ncy.title().should('eq', 'Login');",
              "err": {},
              "uuid": "9f0d5fb5-728e-4050-84e3-753702669ce9",
              "parentUUID": "a5c90ea9-342d-43aa-b683-43a00a465f49",
              "isHook": false,
              "skipped": false
            },
            {
              "title": "filling up the login form",
              "fullTitle": "unsuccessful login filling up the login form",
              "timedOut": null,
              "duration": 583,
              "state": "passed",
              "speed": "slow",
              "pass": true,
              "fail": false,
              "pending": false,
              "context": null,
              "code": "expect(Cypress.env('login')).to.be.a('string');\nlogin.userName().type(Cypress.env('login'));\nlogin.password().type(Cypress.env('password'));\nlogin.logInButton().click();",
              "err": {},
              "uuid": "3dc46b6d-7292-4b0d-b4c7-971ac593496c",
              "parentUUID": "a5c90ea9-342d-43aa-b683-43a00a465f49",
              "isHook": false,
              "skipped": false
            },
            {
              "title": "fail login",
              "fullTitle": "unsuccessful login fail login",
              "timedOut": null,
              "duration": 4682,
              "state": "failed",
              "speed": null,
              "pass": false,
              "fail": true,
              "pending": false,
              "context": "{\n  \"title\": \"Failed screenshot\",\n  \"value\": \"screenshots\\\\myTests\\\\tests.js\\\\unsuccessful login -- fail login (failed).png\"\n}",
              "code": "cy.location().should(function (loc) {\n  expect(loc.pathname).to.eq('/qa-portal/registerlogin/users/john');\n});",
              "err": {
                "message": "AssertionError: Timed out retrying after 4000ms: expected '/qa-portal/registerlogin/registerlogin.php' to equal '/qa-portal/registerlogin/users/john'",
                "estack": "AssertionError: Timed out retrying after 4000ms: expected '/qa-portal/registerlogin/registerlogin.php' to equal '/qa-portal/registerlogin/users/john'\n    at Context.eval (https://www.pecodesoftware.com/__cypress/tests?p=cypress\\integration\\myTests\\tests.js:164:31)",
                "diff": "- '/qa-portal/registerlogin/registerlogin.php'\n+ '/qa-portal/registerlogin/users/john'\n"
              },
              "uuid": "2476b633-bcf9-4212-bfaf-f7cc6aa15209",
              "parentUUID": "a5c90ea9-342d-43aa-b683-43a00a465f49",
              "isHook": false,
              "skipped": false
            }
          ],
          "suites": [],
          "passes": [
            "9f0d5fb5-728e-4050-84e3-753702669ce9",
            "3dc46b6d-7292-4b0d-b4c7-971ac593496c"
          ],
          "failures": [
            "2476b633-bcf9-4212-bfaf-f7cc6aa15209"
          ],
          "pending": [],
          "skipped": [],
          "duration": 5380,
          "root": false,
          "rootEmpty": false,
          "_timeout": 2000
        }
      ],
      "passes": [],
      "failures": [],
      "pending": [],
      "skipped": [],
      "duration": 0,
      "root": true,
      "rootEmpty": true,
      "_timeout": 2000
    }
  ],
  "meta": {
    "mocha": {
      "version": "7.0.1"
    },
    "mochawesome": {
      "options": {
        "quiet": false,
        "reportFilename": "report",
        "saveHtml": true,
        "saveJson": true,
        "consoleReporter": "spec",
        "useInlineDiffs": false,
        "code": true
      },
      "version": "6.2.1"
    },
    "marge": {
      "options": {
        "reportDir": "cypress/reports",
        "overwrite": true,
        "html": true,
        "json": true,
        "reportFilename": "report",
        "charts": true
      },
      "version": "5.1.0"
    }
  }
}